<?xml version="1.0" encoding="UTF-8"?>
<!-- Generated by org.testng.reporters.JUnitReportReporter -->
<testsuite hostname="KARTHIK" failures="0" tests="1" name="com.javalaya.maven_pom_testng_paymentgateway_fw.pg_testrunner_module.PG_TestRunner" time="45.425" errors="0" timestamp="2022-11-28T21:41:26 IST" skipped="0">
  <testcase classname="com.javalaya.maven_pom_testng_paymentgateway_fw.pg_testrunner_module.PG_TestRunner" name="verifyCardBalanceAndOrderId" time="45.425"/>
  <system-out/>
</testsuite> <!-- com.javalaya.maven_pom_testng_paymentgateway_fw.pg_testrunner_module.PG_TestRunner -->
